<?xml version="1.0" encoding="UTF-8"?>
<!-- Generated by org.testng.reporters.JUnitReportReporter -->
<testsuite hostname="atifansari-2" failures="0" tests="3" name="com.interactivebrokers.testcases.TestCase" time="168.809" errors="0" timestamp="19 Feb 2018 05:55:57 GMT">
  <testcase classname="com.interactivebrokers.testcases.TestCase" name="IBGTest" time="52.255"/>
  <testcase classname="com.interactivebrokers.testcases.TestCase" name="IBGTest" time="72.772"/>
  <testcase classname="com.interactivebrokers.testcases.TestCase" name="IBGTest" time="43.782"/>
</testsuite> <!-- com.interactivebrokers.testcases.TestCase -->
